<?xml version="1.0" encoding="UTF-8"?>
<coverage generated="1712754947040" clover="3.2.0">
  <project timestamp="1712754947040" name="All files">
    <metrics statements="25" coveredstatements="13" conditionals="12" coveredconditionals="6" methods="5" coveredmethods="2" elements="42" coveredelements="21" complexity="0" loc="25" ncloc="25" packages="1" files="1" classes="1"/>
    <file name="todoFunctions.js" path="/Users/demetriselmer/Documents/todoListPlainJS_2/js/TodoFunctions/todoFunctions.js">
      <metrics statements="25" coveredstatements="13" conditionals="12" coveredconditionals="6" methods="5" coveredmethods="2"/>
      <line num="3" count="1" type="stmt"/>
      <line num="4" count="2" type="stmt"/>
      <line num="5" count="2" type="cond" truecount="2" falsecount="0"/>
      <line num="6" count="1" type="cond" truecount="1" falsecount="1"/>
      <line num="7" count="0" type="stmt"/>
      <line num="8" count="0" type="stmt"/>
      <line num="10" count="1" type="cond" truecount="1" falsecount="1"/>
      <line num="11" count="1" type="stmt"/>
      <line num="13" count="1" type="stmt"/>
      <line num="14" count="1" type="stmt"/>
      <line num="17" count="1" type="stmt"/>
      <line num="18" count="0" type="cond" truecount="0" falsecount="2"/>
      <line num="19" count="0" type="stmt"/>
      <line num="21" count="0" type="stmt"/>
      <line num="30" count="1" type="stmt"/>
      <line num="31" count="3" type="cond" truecount="2" falsecount="0"/>
      <line num="32" count="2" type="stmt"/>
      <line num="35" count="1" type="stmt"/>
      <line num="36" count="0" type="cond" truecount="0" falsecount="2"/>
      <line num="38" count="0" type="stmt"/>
      <line num="39" count="0" type="stmt"/>
      <line num="40" count="0" type="stmt"/>
      <line num="41" count="0" type="stmt"/>
      <line num="42" count="0" type="stmt"/>
      <line num="43" count="0" type="stmt"/>
    </file>
  </project>
</coverage>
