TN:
SF:js/TodoFunctions/todoFunctions.js
FN:3,(anonymous_0)
FN:17,(anonymous_1)
FN:30,(anonymous_2)
FN:35,(anonymous_3)
FN:41,(anonymous_4)
FNF:5
FNH:2
FNDA:2,(anonymous_0)
FNDA:0,(anonymous_1)
FNDA:3,(anonymous_2)
FNDA:0,(anonymous_3)
FNDA:0,(anonymous_4)
DA:3,1
DA:4,2
DA:5,2
DA:6,1
DA:7,0
DA:8,0
DA:10,1
DA:11,1
DA:13,1
DA:14,1
DA:17,1
DA:18,0
DA:19,0
DA:21,0
DA:30,1
DA:31,3
DA:32,2
DA:35,1
DA:36,0
DA:38,0
DA:39,0
DA:40,0
DA:41,0
DA:42,0
DA:43,0
LF:25
LH:13
BRDA:5,0,0,1
BRDA:5,0,1,1
BRDA:6,1,0,0
BRDA:6,1,1,1
BRDA:10,2,0,1
BRDA:10,2,1,0
BRDA:18,3,0,0
BRDA:18,3,1,0
BRDA:31,4,0,1
BRDA:31,4,1,2
BRDA:36,5,0,0
BRDA:36,5,1,0
BRF:12
BRH:6
end_of_record
